[35m[1mConsolidate compiler generated dependencies of target executor_examples[0m
[  5%] [32mBuilding CXX object CMakeFiles/simple_lifecycle_node.dir/src/simple_lifecycle_node.cpp.o[0m
[ 16%] Built target simple_turtlesim_kinematics
[ 27%] Built target simple_publisher
[ 38%] Built target simple_subscriber
[ 50%] Built target simple_service_client
[ 61%] Built target simple_service_server
[ 72%] Built target simple_parameter
[01m[K/home/louwee/correct_ws/src/correct_cpp_examples/src/simple_lifecycle_node.cpp:1:10:[m[K [01;31m[Kfatal error: [m[Krclcpp/rclcpp.hpp: No such file or directory
    1 | #include [01;31m[K<rclcpp/rclcpp.hpp>[m[K
      |          [01;31m[K^~~~~~~~~~~~~~~~~~~[m[K
compilation terminated.
[ 83%] Built target simple_tf_kinematics
gmake[2]: *** [CMakeFiles/simple_lifecycle_node.dir/build.make:76: CMakeFiles/simple_lifecycle_node.dir/src/simple_lifecycle_node.cpp.o] Error 1
gmake[1]: *** [CMakeFiles/Makefile2:361: CMakeFiles/simple_lifecycle_node.dir/all] Error 2
gmake[1]: *** Waiting for unfinished jobs....
[ 88%] [32mBuilding CXX object CMakeFiles/executor_examples.dir/src/executor_examples.cpp.o[0m
[ 94%] [32m[1mLinking CXX executable executor_examples[0m
[ 94%] Built target executor_examples
gmake: *** [Makefile:146: all] Error 2
