[0.015s] Invoking command in '/home/louwee/correct_ws/build/correct_cpp_examples': AMENT_PREFIX_PATH=/home/louwee/correct_ws/install/correct_msgs:${AMENT_PREFIX_PATH} CMAKE_PREFIX_PATH=/home/louwee/correct_ws/install/correct_msgs:/opt/ros/humble LD_LIBRARY_PATH=/home/louwee/correct_ws/install/correct_msgs/lib:${LD_LIBRARY_PATH} PYTHONPATH=/home/louwee/correct_ws/install/correct_msgs/local/lib/python3.10/dist-packages:${PYTHONPATH} /usr/bin/cmake --build /home/louwee/correct_ws/build/correct_cpp_examples -- -j12 -l12
[0.077s] [35m[1mConsolidate compiler generated dependencies of target executor_examples[0m
[0.093s] [  5%] [32mBuilding CXX object CMakeFiles/simple_lifecycle_node.dir/src/simple_lifecycle_node.cpp.o[0m
[0.102s] [ 16%] Built target simple_turtlesim_kinematics
[0.104s] [ 27%] Built target simple_publisher
[0.104s] [ 38%] Built target simple_subscriber
[0.105s] [ 50%] Built target simple_service_client
[0.107s] [ 61%] Built target simple_service_server
[0.109s] [ 72%] Built target simple_parameter
[0.110s] [01m[K/home/louwee/correct_ws/src/correct_cpp_examples/src/simple_lifecycle_node.cpp:1:10:[m[K [01;31m[Kfatal error: [m[Krclcpp/rclcpp.hpp: No such file or directory
[0.110s]     1 | #include [01;31m[K<rclcpp/rclcpp.hpp>[m[K
[0.110s]       |          [01;31m[K^~~~~~~~~~~~~~~~~~~[m[K
[0.111s] compilation terminated.
[0.111s] [ 83%] Built target simple_tf_kinematics
[0.111s] gmake[2]: *** [CMakeFiles/simple_lifecycle_node.dir/build.make:76: CMakeFiles/simple_lifecycle_node.dir/src/simple_lifecycle_node.cpp.o] Error 1
[0.112s] gmake[1]: *** [CMakeFiles/Makefile2:361: CMakeFiles/simple_lifecycle_node.dir/all] Error 2
[0.112s] gmake[1]: *** Waiting for unfinished jobs....
[0.117s] [ 88%] [32mBuilding CXX object CMakeFiles/executor_examples.dir/src/executor_examples.cpp.o[0m
[10.440s] [ 94%] [32m[1mLinking CXX executable executor_examples[0m
[11.099s] [ 94%] Built target executor_examples
[11.101s] gmake: *** [Makefile:146: all] Error 2
[11.104s] Invoked command in '/home/louwee/correct_ws/build/correct_cpp_examples' returned '2': AMENT_PREFIX_PATH=/home/louwee/correct_ws/install/correct_msgs:${AMENT_PREFIX_PATH} CMAKE_PREFIX_PATH=/home/louwee/correct_ws/install/correct_msgs:/opt/ros/humble LD_LIBRARY_PATH=/home/louwee/correct_ws/install/correct_msgs/lib:${LD_LIBRARY_PATH} PYTHONPATH=/home/louwee/correct_ws/install/correct_msgs/local/lib/python3.10/dist-packages:${PYTHONPATH} /usr/bin/cmake --build /home/louwee/correct_ws/build/correct_cpp_examples -- -j12 -l12
