[0.013s] Invoking command in '/home/louwee/correct_ws/build/correct_cpp_examples': AMENT_PREFIX_PATH=/home/louwee/correct_ws/install/correct_msgs:${AMENT_PREFIX_PATH} CMAKE_PREFIX_PATH=/home/louwee/correct_ws/install/correct_msgs:/opt/ros/humble LD_LIBRARY_PATH=/home/louwee/correct_ws/install/correct_msgs/lib:${LD_LIBRARY_PATH} PYTHONPATH=/home/louwee/correct_ws/install/correct_msgs/local/lib/python3.10/dist-packages:${PYTHONPATH} /usr/bin/cmake --build /home/louwee/correct_ws/build/correct_cpp_examples -- -j12 -l12
[0.040s] -- Found ament_cmake: 1.3.11 (/opt/ros/humble/share/ament_cmake/cmake)
[0.171s] -- Found rclcpp: 16.0.11 (/opt/ros/humble/share/rclcpp/cmake)
[0.200s] -- Found rosidl_generator_c: 3.1.6 (/opt/ros/humble/share/rosidl_generator_c/cmake)
[0.203s] -- Found rosidl_adapter: 3.1.6 (/opt/ros/humble/share/rosidl_adapter/cmake)
[0.209s] -- Found rosidl_generator_cpp: 3.1.6 (/opt/ros/humble/share/rosidl_generator_cpp/cmake)
[0.219s] -- Using all available rosidl_typesupport_c: rosidl_typesupport_fastrtps_c;rosidl_typesupport_introspection_c
[0.234s] -- Using all available rosidl_typesupport_cpp: rosidl_typesupport_fastrtps_cpp;rosidl_typesupport_introspection_cpp
[0.269s] -- Found rmw_implementation_cmake: 6.1.2 (/opt/ros/humble/share/rmw_implementation_cmake/cmake)
[0.271s] -- Found rmw_fastrtps_cpp: 6.2.7 (/opt/ros/humble/share/rmw_fastrtps_cpp/cmake)
[0.389s] -- Using RMW implementation 'rmw_fastrtps_cpp' as default
[0.445s] -- Found turtlesim: 1.4.2 (/opt/ros/humble/share/turtlesim/cmake)
[0.485s] -- Found correct_msgs: 0.0.0 (/home/louwee/correct_ws/install/correct_msgs/share/correct_msgs/cmake)
[0.520s] -- Found tf2: 0.25.12 (/opt/ros/humble/share/tf2/cmake)
[0.527s] -- Found tf2_ros: 0.25.12 (/opt/ros/humble/share/tf2_ros/cmake)
[0.602s] -- Found rclcpp_lifecycle: 16.0.11 (/opt/ros/humble/share/rclcpp_lifecycle/cmake)
[0.619s] -- Found nav_msgs: 4.2.4 (/opt/ros/humble/share/nav_msgs/cmake)
[0.719s] -- Configuring done
[0.763s] -- Generating done
[0.781s] -- Build files have been written to: /home/louwee/correct_ws/build/correct_cpp_examples
[0.818s] [35m[1mConsolidate compiler generated dependencies of target simple_subscriber[0m
[0.820s] [35m[1mConsolidate compiler generated dependencies of target simple_parameter[0m
[0.825s] [35m[1mConsolidate compiler generated dependencies of target simple_publisher[0m
[0.825s] [35m[1mConsolidate compiler generated dependencies of target simple_service_server[0m
[0.825s] [35m[1mConsolidate compiler generated dependencies of target simple_turtlesim_kinematics[0m
[0.825s] [35m[1mConsolidate compiler generated dependencies of target simple_tf_kinematics[0m
[0.826s] [35m[1mConsolidate compiler generated dependencies of target executor_examples[0m
[0.826s] [35m[1mConsolidate compiler generated dependencies of target simple_service_client[0m
[0.844s] [  5%] [32mBuilding CXX object CMakeFiles/simple_lifecycle_node.dir/src/simple_lifecycle_node.cpp.o[0m
[0.858s] [ 38%] Built target simple_subscriber
[0.858s] [ 38%] Built target simple_parameter
[0.858s] [ 38%] Built target simple_publisher
[0.859s] [ 44%] [32mBuilding CXX object CMakeFiles/simple_service_server.dir/src/simple_service_server.cpp.o[0m
[0.859s] [ 55%] Built target simple_turtlesim_kinematics
[0.859s] [ 77%] Built target simple_tf_kinematics
[0.859s] [ 77%] Built target simple_service_client
[0.867s] [ 88%] Built target executor_examples
[4.644s] [01m[K/home/louwee/correct_ws/src/correct_cpp_examples/src/simple_lifecycle_node.cpp:46:79:[m[K [01;31m[Kerror: [m[Kâ€˜[01m[Krclcpp_lifecycle::node_interfaces::LifecycleNodeInterface::CallbackReturn SimpleLifecycleNode::on_activate(const rclcpp_lifecycle::State&)[m[Kâ€™ cannot be overloaded with â€˜[01m[Krclcpp_lifecycle::node_interfaces::LifecycleNodeInterface::CallbackReturn SimpleLifecycleNode::on_activate(const rclcpp_lifecycle::State&)[m[Kâ€™
[4.645s]    46 |     rclcpp_lifecycle::node_interfaces::LifecycleNodeInterface::CallbackReturn [01;31m[Kon_activate[m[K(const rclcpp_lifecycle::State &state){
[4.645s]       |                                                                               [01;31m[K^~~~~~~~~~~[m[K
[4.645s] [01m[K/home/louwee/correct_ws/src/correct_cpp_examples/src/simple_lifecycle_node.cpp:39:79:[m[K [01;36m[Knote: [m[Kprevious declaration â€˜[01m[Krclcpp_lifecycle::node_interfaces::LifecycleNodeInterface::CallbackReturn SimpleLifecycleNode::on_activate(const rclcpp_lifecycle::State&)[m[Kâ€™
[4.645s]    39 |     rclcpp_lifecycle::node_interfaces::LifecycleNodeInterface::CallbackReturn [01;36m[Kon_activate[m[K(const rclcpp_lifecycle::State &state){
[4.645s]       |                                                                               [01;36m[K^~~~~~~~~~~[m[K
[5.778s] [ 94%] [32m[1mLinking CXX executable simple_service_server[0m
[5.931s] [ 94%] Built target simple_service_server
[6.931s] gmake[2]: *** [CMakeFiles/simple_lifecycle_node.dir/build.make:76: CMakeFiles/simple_lifecycle_node.dir/src/simple_lifecycle_node.cpp.o] Error 1
[6.931s] gmake[1]: *** [CMakeFiles/Makefile2:361: CMakeFiles/simple_lifecycle_node.dir/all] Error 2
[6.931s] gmake: *** [Makefile:146: all] Error 2
[6.934s] Invoked command in '/home/louwee/correct_ws/build/correct_cpp_examples' returned '2': AMENT_PREFIX_PATH=/home/louwee/correct_ws/install/correct_msgs:${AMENT_PREFIX_PATH} CMAKE_PREFIX_PATH=/home/louwee/correct_ws/install/correct_msgs:/opt/ros/humble LD_LIBRARY_PATH=/home/louwee/correct_ws/install/correct_msgs/lib:${LD_LIBRARY_PATH} PYTHONPATH=/home/louwee/correct_ws/install/correct_msgs/local/lib/python3.10/dist-packages:${PYTHONPATH} /usr/bin/cmake --build /home/louwee/correct_ws/build/correct_cpp_examples -- -j12 -l12
