[0.045s] Invoking command in '/home/louwee/correct_ws/build/correct_motion': CMAKE_PREFIX_PATH=/opt/ros/humble /usr/bin/cmake --build /home/louwee/correct_ws/build/correct_motion -- -j12 -l12
[0.087s] -- Found ament_cmake: 1.3.11 (/opt/ros/humble/share/ament_cmake/cmake)
[0.396s] -- Found rclcpp: 16.0.11 (/opt/ros/humble/share/rclcpp/cmake)
[0.464s] -- Found rosidl_generator_c: 3.1.6 (/opt/ros/humble/share/rosidl_generator_c/cmake)
[0.469s] -- Found rosidl_adapter: 3.1.6 (/opt/ros/humble/share/rosidl_adapter/cmake)
[0.484s] -- Found rosidl_generator_cpp: 3.1.6 (/opt/ros/humble/share/rosidl_generator_cpp/cmake)
[0.512s] -- Using all available rosidl_typesupport_c: rosidl_typesupport_fastrtps_c;rosidl_typesupport_introspection_c
[0.547s] -- Using all available rosidl_typesupport_cpp: rosidl_typesupport_fastrtps_cpp;rosidl_typesupport_introspection_cpp
[0.608s] -- Found rmw_implementation_cmake: 6.1.2 (/opt/ros/humble/share/rmw_implementation_cmake/cmake)
[0.611s] -- Found rmw_fastrtps_cpp: 6.2.7 (/opt/ros/humble/share/rmw_fastrtps_cpp/cmake)
[0.881s] -- Using RMW implementation 'rmw_fastrtps_cpp' as default
[1.016s] -- Found rclpy: 3.3.15 (/opt/ros/humble/share/rclpy/cmake)
[1.016s] -- Found nav_msgs: 4.2.4 (/opt/ros/humble/share/nav_msgs/cmake)
[1.039s] -- Found tf2: 0.25.12 (/opt/ros/humble/share/tf2/cmake)
[1.040s] -- Found tf2_ros: 0.25.12 (/opt/ros/humble/share/tf2_ros/cmake)
[1.114s] -- Found tf2_geometry_msgs: 0.25.12 (/opt/ros/humble/share/tf2_geometry_msgs/cmake)
[1.116s] -- Found eigen3_cmake_module: 0.1.1 (/opt/ros/humble/share/eigen3_cmake_module/cmake)
[1.116s] -- Ensuring Eigen3 include directory is part of orocos-kdl CMake target
[1.161s] -- Found ament_lint_auto: 0.12.11 (/opt/ros/humble/share/ament_lint_auto/cmake)
[1.233s] -- Added test 'cppcheck' to perform static code analysis on C / C++ code
[1.233s] -- Configured cppcheck include dirs: /home/louwee/correct_ws/src/correct_motion/include
[1.234s] -- Configured cppcheck exclude dirs and/or files: 
[1.234s] -- Added test 'flake8' to check Python code syntax and style conventions
[1.234s] -- Added test 'lint_cmake' to check CMake code style
[1.236s] -- Added test 'pep257' to check Python code against some of the docstring style conventions in PEP 257
[1.236s] -- Added test 'uncrustify' to check C / C++ code style
[1.237s] -- Configured uncrustify additional arguments: 
[1.238s] -- Added test 'xmllint' to check XML markup files
[1.239s] -- Configuring done
[1.259s] -- Generating done
[1.265s] -- Build files have been written to: /home/louwee/correct_ws/build/correct_motion
[1.335s] [ 50%] [32mBuilding CXX object CMakeFiles/pd_motion_planner.dir/src/pd_motion_planner.cpp.o[0m
[1.359s] [ 50%] Built target ament_cmake_python_copy_correct_motion
[1.726s] running egg_info
[1.726s] creating correct_motion.egg-info
[1.726s] writing correct_motion.egg-info/PKG-INFO
[1.727s] writing dependency_links to correct_motion.egg-info/dependency_links.txt
[1.727s] writing top-level names to correct_motion.egg-info/top_level.txt
[1.727s] writing manifest file 'correct_motion.egg-info/SOURCES.txt'
[1.729s] reading manifest file 'correct_motion.egg-info/SOURCES.txt'
[1.730s] writing manifest file 'correct_motion.egg-info/SOURCES.txt'
[1.761s] [ 50%] Built target ament_cmake_python_build_correct_motion_egg
[9.409s] [100%] [32m[1mLinking CXX executable pd_motion_planner[0m
[9.803s] /usr/bin/ld: /usr/lib/gcc/x86_64-linux-gnu/11/../../../x86_64-linux-gnu/Scrt1.o: in function `_start':
[9.803s] (.text+0x1b): undefined reference to `main'
[9.847s] collect2: error: ld returned 1 exit status
[9.848s] gmake[2]: *** [CMakeFiles/pd_motion_planner.dir/build.make:206: pd_motion_planner] Error 1
[9.849s] gmake[1]: *** [CMakeFiles/Makefile2:192: CMakeFiles/pd_motion_planner.dir/all] Error 2
[9.849s] gmake: *** [Makefile:146: all] Error 2
[9.851s] Invoked command in '/home/louwee/correct_ws/build/correct_motion' returned '2': CMAKE_PREFIX_PATH=/opt/ros/humble /usr/bin/cmake --build /home/louwee/correct_ws/build/correct_motion -- -j12 -l12
