[0.042s] Invoking command in '/home/louwee/correct_ws/build/correct_motion': CMAKE_PREFIX_PATH=/opt/ros/humble /usr/bin/cmake --build /home/louwee/correct_ws/build/correct_motion -- -j12 -l12
[0.099s] -- Found ament_cmake: 1.3.11 (/opt/ros/humble/share/ament_cmake/cmake)
[0.350s] -- Found rclcpp: 16.0.11 (/opt/ros/humble/share/rclcpp/cmake)
[0.407s] -- Found rosidl_generator_c: 3.1.6 (/opt/ros/humble/share/rosidl_generator_c/cmake)
[0.413s] -- Found rosidl_adapter: 3.1.6 (/opt/ros/humble/share/rosidl_adapter/cmake)
[0.428s] -- Found rosidl_generator_cpp: 3.1.6 (/opt/ros/humble/share/rosidl_generator_cpp/cmake)
[0.467s] -- Using all available rosidl_typesupport_c: rosidl_typesupport_fastrtps_c;rosidl_typesupport_introspection_c
[0.502s] -- Using all available rosidl_typesupport_cpp: rosidl_typesupport_fastrtps_cpp;rosidl_typesupport_introspection_cpp
[0.576s] -- Found rmw_implementation_cmake: 6.1.2 (/opt/ros/humble/share/rmw_implementation_cmake/cmake)
[0.579s] -- Found rmw_fastrtps_cpp: 6.2.7 (/opt/ros/humble/share/rmw_fastrtps_cpp/cmake)
[0.954s] -- Using RMW implementation 'rmw_fastrtps_cpp' as default
[0.976s] -- Found rclpy: 3.3.15 (/opt/ros/humble/share/rclpy/cmake)
[0.977s] -- Found nav_msgs: 4.2.4 (/opt/ros/humble/share/nav_msgs/cmake)
[0.990s] -- Found tf2: 0.25.12 (/opt/ros/humble/share/tf2/cmake)
[0.997s] -- Found tf2_ros: 0.25.12 (/opt/ros/humble/share/tf2_ros/cmake)
[1.094s] -- Found tf2_geometry_msgs: 0.25.12 (/opt/ros/humble/share/tf2_geometry_msgs/cmake)
[1.097s] -- Found eigen3_cmake_module: 0.1.1 (/opt/ros/humble/share/eigen3_cmake_module/cmake)
[1.099s] -- Ensuring Eigen3 include directory is part of orocos-kdl CMake target
[1.170s] -- Found ament_lint_auto: 0.12.11 (/opt/ros/humble/share/ament_lint_auto/cmake)
[1.281s] -- Added test 'cppcheck' to perform static code analysis on C / C++ code
[1.284s] -- Configured cppcheck include dirs: /home/louwee/correct_ws/src/correct_motion/include
[1.285s] -- Configured cppcheck exclude dirs and/or files: 
[1.285s] -- Added test 'flake8' to check Python code syntax and style conventions
[1.285s] -- Added test 'lint_cmake' to check CMake code style
[1.285s] -- Added test 'pep257' to check Python code against some of the docstring style conventions in PEP 257
[1.285s] -- Added test 'uncrustify' to check C / C++ code style
[1.286s] -- Configured uncrustify additional arguments: 
[1.286s] -- Added test 'xmllint' to check XML markup files
[1.290s] -- Configuring done
[1.309s] -- Generating done
[1.315s] -- Build files have been written to: /home/louwee/correct_ws/build/correct_motion
[1.343s] [35m[1mConsolidate compiler generated dependencies of target pd_motion_planner[0m
[1.361s] [  0%] Built target ament_cmake_python_copy_correct_motion
[1.364s] [ 50%] [32m[1mLinking CXX executable pd_motion_planner[0m
[1.698s] running egg_info
[1.699s] writing correct_motion.egg-info/PKG-INFO
[1.699s] writing dependency_links to correct_motion.egg-info/dependency_links.txt
[1.699s] writing top-level names to correct_motion.egg-info/top_level.txt
[1.703s] reading manifest file 'correct_motion.egg-info/SOURCES.txt'
[1.705s] writing manifest file 'correct_motion.egg-info/SOURCES.txt'
[1.740s] [ 50%] Built target ament_cmake_python_build_correct_motion_egg
[1.868s] /usr/bin/ld: /usr/lib/gcc/x86_64-linux-gnu/11/../../../x86_64-linux-gnu/Scrt1.o: in function `_start':
[1.868s] (.text+0x1b): undefined reference to `main'
[1.941s] collect2: error: ld returned 1 exit status
[1.942s] gmake[2]: *** [CMakeFiles/pd_motion_planner.dir/build.make:206: pd_motion_planner] Error 1
[1.942s] gmake[1]: *** [CMakeFiles/Makefile2:192: CMakeFiles/pd_motion_planner.dir/all] Error 2
[1.942s] gmake: *** [Makefile:146: all] Error 2
[1.946s] Invoked command in '/home/louwee/correct_ws/build/correct_motion' returned '2': CMAKE_PREFIX_PATH=/opt/ros/humble /usr/bin/cmake --build /home/louwee/correct_ws/build/correct_motion -- -j12 -l12
